<?xml version="1.0" encoding="UTF-8"?>
<!-- Generated by org.testng.reporters.JUnitReportReporter -->
<testsuite hostname="LAPTOP-9AE26J56" failures="0" tests="1" name="practice.a1" time="0.005" errors="0" timestamp="2022-03-24T14:37:58 IST" skipped="0">
  <testcase classname="practice.a1" name="f" time="0.005"/>
  <system-out>
    <![CDATA[abc]]>
  </system-out>
</testsuite> <!-- practice.a1 -->
